2022-06-11T19:31:10.659173Z 0 [Warning] TIMESTAMP with implicit DEFAULT value is deprecated. Please use --explicit_defaults_for_timestamp server option (see documentation for more details).
2022-06-11T19:31:10.661315Z 0 [Warning] 'NO_ZERO_DATE', 'NO_ZERO_IN_DATE' and 'ERROR_FOR_DIVISION_BY_ZERO' sql modes should be used with strict mode. They will be merged with strict mode in a future release.
2022-06-11T19:31:10.661321Z 0 [Warning] 'NO_AUTO_CREATE_USER' sql mode was not set.
2022-06-11T19:31:10.661338Z 0 [Note] --secure-file-priv is set to NULL. Operations related to importing and exporting data are disabled
2022-06-11T19:31:10.662195Z 0 [ERROR] Cannot open Windows EventLog; check privileges, or start server with --log_syslog=0
2022-06-11T19:31:10.662241Z 0 [Note] J:\_Info\TestDB\USBWebServer/mysql/bin/mysqld_usbwv8.exe (mysqld 5.7.29) starting as process 10956 ...
2022-06-11T19:31:10.682423Z 0 [ERROR] Error message file 'J:\_Info\TestDB\USBWebServer\mysql\share\english\errmsg.sys' had only 886 error messages,
                    but it should contain at least 1120 error messages.
                    Check that the above file is the right version for                     this program!
2022-06-11T19:31:10.794154Z 0 [Note] InnoDB: Mutexes and rw_locks use Windows interlocked functions
2022-06-11T19:31:10.794865Z 0 [Note] InnoDB: Uses event mutexes
2022-06-11T19:31:10.795244Z 0 [Note] InnoDB: _mm_lfence() and _mm_sfence() are used for memory barrier
2022-06-11T19:31:10.795857Z 0 [Note] InnoDB: Compressed tables use zlib 1.2.11
2022-06-11T19:31:10.796805Z 0 [Note] InnoDB: Number of pools: 1
2022-06-11T19:31:10.797342Z 0 [Note] InnoDB: Not using CPU crc32 instructions
2022-06-11T19:31:10.812007Z 0 [Note] InnoDB: Initializing buffer pool, total size = 128M, instances = 1, chunk size = 128M
2022-06-11T19:31:10.818992Z 0 [Note] InnoDB: Completed initialization of buffer pool
2022-06-11T19:31:10.960669Z 0 [Note] InnoDB: Highest supported file format is Barracuda.
2022-06-11T19:31:10.975898Z 0 [Note] InnoDB: Log scan progressed past the checkpoint lsn 2940569
2022-06-11T19:31:10.976535Z 0 [Note] InnoDB: Doing recovery: scanned up to log sequence number 2940578
2022-06-11T19:31:10.977141Z 0 [Note] InnoDB: Database was not shutdown normally!
2022-06-11T19:31:10.977615Z 0 [Note] InnoDB: Starting crash recovery.
2022-06-11T19:31:11.499734Z 0 [Note] InnoDB: Removed temporary tablespace data file: "ibtmp1"
2022-06-11T19:31:11.500311Z 0 [Note] InnoDB: Creating shared tablespace for temporary tables
2022-06-11T19:31:11.504074Z 0 [Note] InnoDB: Setting file '.\ibtmp1' size to 12 MB. Physically writing the file full; Please wait ...
2022-06-11T19:31:11.716321Z 0 [Note] InnoDB: File '.\ibtmp1' size is now 12 MB.
2022-06-11T19:31:11.743700Z 0 [Note] InnoDB: 96 redo rollback segment(s) found. 96 redo rollback segment(s) are active.
2022-06-11T19:31:11.744402Z 0 [Note] InnoDB: 32 non-redo rollback segment(s) are active.
2022-06-11T19:31:11.745323Z 0 [Note] InnoDB: Waiting for purge to start
2022-06-11T19:31:11.805702Z 0 [Note] InnoDB: 5.7.29 started; log sequence number 2940578
2022-06-11T19:31:11.807023Z 0 [Note] InnoDB: Loading buffer pool(s) from J:\_Info\TestDB\USBWebServer\mysql\data\ib_buffer_pool
2022-06-11T19:31:11.807368Z 0 [Note] Plugin 'FEDERATED' is disabled.
2022-06-11T19:31:11.843362Z 0 [Note] Found ca.pem, server-cert.pem and server-key.pem in data directory. Trying to enable SSL support using them.
2022-06-11T19:31:11.844190Z 0 [Note] Skipping generation of SSL certificates as certificate files are present in data directory.
2022-06-11T19:31:11.865611Z 0 [Warning] CA certificate ca.pem is self signed.
2022-06-11T19:31:11.866254Z 0 [Note] Skipping generation of RSA key pair as key files are present in data directory.
2022-06-11T19:31:11.883759Z 0 [Note] Server hostname (bind-address): '*'; port: 3306
2022-06-11T19:31:11.884972Z 0 [Note] IPv6 is available.
2022-06-11T19:31:11.885415Z 0 [Note]   - '::' resolves to '::';
2022-06-11T19:31:11.885976Z 0 [Note] Server socket created on IP: '::'.
2022-06-11T19:31:11.970453Z 0 [Note] InnoDB: Buffer pool(s) load completed at 220611 21:31:11
2022-06-11T19:31:12.604001Z 0 [Note] Event Scheduler: Loaded 0 events
2022-06-11T19:31:12.604622Z 0 [Note] 
2022-06-11T19:32:18.444404Z 3 [Note] 
2022-06-11T19:32:25.295570Z 4 [Note] 
2022-06-12T13:20:51.566110Z 0 [Warning] TIMESTAMP with implicit DEFAULT value is deprecated. Please use --explicit_defaults_for_timestamp server option (see documentation for more details).
2022-06-12T13:20:51.568706Z 0 [Warning] 'NO_ZERO_DATE', 'NO_ZERO_IN_DATE' and 'ERROR_FOR_DIVISION_BY_ZERO' sql modes should be used with strict mode. They will be merged with strict mode in a future release.
2022-06-12T13:20:51.568716Z 0 [Warning] 'NO_AUTO_CREATE_USER' sql mode was not set.
2022-06-12T13:20:51.568736Z 0 [Note] --secure-file-priv is set to NULL. Operations related to importing and exporting data are disabled
2022-06-12T13:20:51.572966Z 0 [ERROR] Cannot open Windows EventLog; check privileges, or start server with --log_syslog=0
2022-06-12T13:20:51.572983Z 0 [Note] J:\_Info\TestDB\USBWebServer/mysql/bin/mysqld_usbwv8.exe (mysqld 5.7.29) starting as process 11280 ...
2022-06-12T13:20:51.585461Z 0 [ERROR] Error message file 'J:\_Info\TestDB\USBWebServer\mysql\share\english\errmsg.sys' had only 886 error messages,
                    but it should contain at least 1120 error messages.
                    Check that the above file is the right version for                     this program!
2022-06-12T13:20:51.678455Z 0 [Note] InnoDB: Mutexes and rw_locks use Windows interlocked functions
2022-06-12T13:20:51.679252Z 0 [Note] InnoDB: Uses event mutexes
2022-06-12T13:20:51.679577Z 0 [Note] InnoDB: _mm_lfence() and _mm_sfence() are used for memory barrier
2022-06-12T13:20:51.680185Z 0 [Note] InnoDB: Compressed tables use zlib 1.2.11
2022-06-12T13:20:51.691632Z 0 [Note] InnoDB: Number of pools: 1
2022-06-12T13:20:51.699684Z 0 [Note] InnoDB: Not using CPU crc32 instructions
2022-06-12T13:20:51.717532Z 0 [Note] InnoDB: Initializing buffer pool, total size = 128M, instances = 1, chunk size = 128M
2022-06-12T13:20:51.726415Z 0 [Note] InnoDB: Completed initialization of buffer pool
2022-06-12T13:20:51.830917Z 0 [Note] InnoDB: Highest supported file format is Barracuda.
2022-06-12T13:20:51.837019Z 0 [Note] InnoDB: Log scan progressed past the checkpoint lsn 3024424
2022-06-12T13:20:51.837533Z 0 [Note] InnoDB: Doing recovery: scanned up to log sequence number 3024433
2022-06-12T13:20:51.839066Z 0 [Note] InnoDB: Database was not shutdown normally!
2022-06-12T13:20:51.839561Z 0 [Note] InnoDB: Starting crash recovery.
2022-06-12T13:20:52.301000Z 0 [Note] InnoDB: Removed temporary tablespace data file: "ibtmp1"
2022-06-12T13:20:52.301508Z 0 [Note] InnoDB: Creating shared tablespace for temporary tables
2022-06-12T13:20:52.306661Z 0 [Note] InnoDB: Setting file '.\ibtmp1' size to 12 MB. Physically writing the file full; Please wait ...
2022-06-12T13:20:52.526983Z 0 [Note] InnoDB: File '.\ibtmp1' size is now 12 MB.
2022-06-12T13:20:52.573475Z 0 [Note] InnoDB: 96 redo rollback segment(s) found. 96 redo rollback segment(s) are active.
2022-06-12T13:20:52.576486Z 0 [Note] InnoDB: 32 non-redo rollback segment(s) are active.
2022-06-12T13:20:52.580749Z 0 [Note] InnoDB: Waiting for purge to start
2022-06-12T13:20:52.646570Z 0 [Note] InnoDB: 5.7.29 started; log sequence number 3024433
2022-06-12T13:20:52.648192Z 0 [Note] InnoDB: Loading buffer pool(s) from J:\_Info\TestDB\USBWebServer\mysql\data\ib_buffer_pool
2022-06-12T13:20:52.654482Z 0 [Note] Plugin 'FEDERATED' is disabled.
2022-06-12T13:20:52.833117Z 0 [Note] InnoDB: Buffer pool(s) load completed at 220612 15:20:52
2022-06-12T13:20:52.875020Z 0 [Note] Found ca.pem, server-cert.pem and server-key.pem in data directory. Trying to enable SSL support using them.
2022-06-12T13:20:52.875896Z 0 [Note] Skipping generation of SSL certificates as certificate files are present in data directory.
2022-06-12T13:20:52.921049Z 0 [Warning] CA certificate ca.pem is self signed.
2022-06-12T13:20:52.925416Z 0 [Note] Skipping generation of RSA key pair as key files are present in data directory.
2022-06-12T13:20:52.939659Z 0 [Note] Server hostname (bind-address): '*'; port: 3306
2022-06-12T13:20:52.940507Z 0 [Note] IPv6 is available.
2022-06-12T13:20:52.940833Z 0 [Note]   - '::' resolves to '::';
2022-06-12T13:20:52.941218Z 0 [Note] Server socket created on IP: '::'.
2022-06-12T13:20:55.148319Z 0 [Note] Event Scheduler: Loaded 0 events
2022-06-12T13:20:55.148866Z 0 [Note] 
