2022-05-19T08:12:22.878166Z 0 [Warning] TIMESTAMP with implicit DEFAULT value is deprecated. Please use --explicit_defaults_for_timestamp server option (see documentation for more details).
2022-05-19T08:12:22.879516Z 0 [Warning] 'NO_ZERO_DATE', 'NO_ZERO_IN_DATE' and 'ERROR_FOR_DIVISION_BY_ZERO' sql modes should be used with strict mode. They will be merged with strict mode in a future release.
2022-05-19T08:12:22.879522Z 0 [Warning] 'NO_AUTO_CREATE_USER' sql mode was not set.
2022-05-19T08:12:22.879544Z 0 [Note] --secure-file-priv is set to NULL. Operations related to importing and exporting data are disabled
2022-05-19T08:12:22.880010Z 0 [ERROR] Cannot open Windows EventLog; check privileges, or start server with --log_syslog=0
2022-05-19T08:12:22.880046Z 0 [Note] E:\_Info\TestDB\USBWebServer/mysql/bin/mysqld_usbwv8.exe (mysqld 5.7.29) starting as process 10944 ...
2022-05-19T08:12:22.892504Z 0 [ERROR] Error message file 'E:\_Info\TestDB\USBWebServer\mysql\share\english\errmsg.sys' had only 886 error messages,
                    but it should contain at least 1120 error messages.
                    Check that the above file is the right version for                     this program!
2022-05-19T08:12:22.971267Z 0 [Note] InnoDB: Mutexes and rw_locks use Windows interlocked functions
2022-05-19T08:12:22.971619Z 0 [Note] InnoDB: Uses event mutexes
2022-05-19T08:12:22.971850Z 0 [Note] InnoDB: _mm_lfence() and _mm_sfence() are used for memory barrier
2022-05-19T08:12:22.972268Z 0 [Note] InnoDB: Compressed tables use zlib 1.2.11
2022-05-19T08:12:22.973030Z 0 [Note] InnoDB: Number of pools: 1
2022-05-19T08:12:22.973430Z 0 [Note] InnoDB: Not using CPU crc32 instructions
2022-05-19T08:12:22.976339Z 0 [Note] InnoDB: Initializing buffer pool, total size = 128M, instances = 1, chunk size = 128M
2022-05-19T08:12:22.983140Z 0 [Note] InnoDB: Completed initialization of buffer pool
2022-05-19T08:12:23.134823Z 0 [Note] InnoDB: Highest supported file format is Barracuda.
2022-05-19T08:12:23.152327Z 0 [Note] InnoDB: Log scan progressed past the checkpoint lsn 2863142
2022-05-19T08:12:23.152673Z 0 [Note] InnoDB: Doing recovery: scanned up to log sequence number 2863151
2022-05-19T08:12:23.153025Z 0 [Note] InnoDB: Database was not shutdown normally!
2022-05-19T08:12:23.153294Z 0 [Note] InnoDB: Starting crash recovery.
2022-05-19T08:12:24.152609Z 0 [Note] InnoDB: Removed temporary tablespace data file: "ibtmp1"
2022-05-19T08:12:24.152963Z 0 [Note] InnoDB: Creating shared tablespace for temporary tables
2022-05-19T08:12:24.157391Z 0 [Note] InnoDB: Setting file '.\ibtmp1' size to 12 MB. Physically writing the file full; Please wait ...
2022-05-19T08:12:24.573615Z 0 [Note] InnoDB: File '.\ibtmp1' size is now 12 MB.
2022-05-19T08:12:24.620105Z 0 [Note] InnoDB: 96 redo rollback segment(s) found. 96 redo rollback segment(s) are active.
2022-05-19T08:12:24.620516Z 0 [Note] InnoDB: 32 non-redo rollback segment(s) are active.
2022-05-19T08:12:24.621156Z 0 [Note] InnoDB: Waiting for purge to start
2022-05-19T08:12:24.682910Z 0 [Note] InnoDB: 5.7.29 started; log sequence number 2863151
2022-05-19T08:12:24.683936Z 0 [Note] InnoDB: Loading buffer pool(s) from E:\_Info\TestDB\USBWebServer\mysql\data\ib_buffer_pool
2022-05-19T08:12:24.684072Z 0 [Note] Plugin 'FEDERATED' is disabled.
2022-05-19T08:12:24.776774Z 0 [Note] Found ca.pem, server-cert.pem and server-key.pem in data directory. Trying to enable SSL support using them.
2022-05-19T08:12:24.777321Z 0 [Note] Skipping generation of SSL certificates as certificate files are present in data directory.
2022-05-19T08:12:24.805556Z 0 [Warning] CA certificate ca.pem is self signed.
2022-05-19T08:12:24.805971Z 0 [Note] Skipping generation of RSA key pair as key files are present in data directory.
2022-05-19T08:12:24.827274Z 0 [Note] Server hostname (bind-address): '*'; port: 3306
2022-05-19T08:12:24.827822Z 0 [Note] IPv6 is available.
2022-05-19T08:12:24.828060Z 0 [Note]   - '::' resolves to '::';
2022-05-19T08:12:24.828376Z 0 [Note] Server socket created on IP: '::'.
2022-05-19T08:12:24.862166Z 0 [Note] InnoDB: Buffer pool(s) load completed at 220519 10:12:24
2022-05-19T08:12:26.021270Z 0 [Note] Event Scheduler: Loaded 0 events
2022-05-19T08:12:26.021718Z 0 [Note] 
